2019-09-17 16:43:57.209 [main] INFO  o.s.c.s.PostProcessorRegistrationDelegate$BeanPostProcessorChecker - Bean 'org.springframework.cloud.autoconfigure.ConfigurationPropertiesRebinderAutoConfiguration' of type [org.springframework.cloud.autoconfigure.ConfigurationPropertiesRebinderAutoConfiguration$$EnhancerBySpringCGLIB$$730e4081] is not eligible for getting processed by all BeanPostProcessors (for example: not eligible for auto-proxying)
2019-09-17 16:43:57.420 [main] INFO  com.eurekaserver.EurekaserverApplication - No active profile set, falling back to default profiles: default
2019-09-17 16:43:58.298 [main] WARN  o.springframework.boot.actuate.endpoint.EndpointId - Endpoint ID 'service-registry' contains invalid characters, please migrate to a valid format.
2019-09-17 16:43:58.570 [main] INFO  o.springframework.cloud.context.scope.GenericScope - BeanFactory id=2efb2171-1e02-3b33-9663-58f20d4c26e1
2019-09-17 16:43:58.695 [main] INFO  o.s.c.s.PostProcessorRegistrationDelegate$BeanPostProcessorChecker - Bean 'org.springframework.cloud.autoconfigure.ConfigurationPropertiesRebinderAutoConfiguration' of type [org.springframework.cloud.autoconfigure.ConfigurationPropertiesRebinderAutoConfiguration$$EnhancerBySpringCGLIB$$730e4081] is not eligible for getting processed by all BeanPostProcessors (for example: not eligible for auto-proxying)
2019-09-17 16:43:59.091 [main] INFO  o.s.boot.web.embedded.tomcat.TomcatWebServer - Tomcat initialized with port(s): 8001 (http)
2019-09-17 16:43:59.104 [main] INFO  org.apache.coyote.http11.Http11NioProtocol - Initializing ProtocolHandler ["http-nio-8001"]
2019-09-17 16:43:59.114 [main] INFO  org.apache.catalina.core.StandardService - Starting service [Tomcat]
2019-09-17 16:43:59.114 [main] INFO  org.apache.catalina.core.StandardEngine - Starting Servlet engine: [Apache Tomcat/9.0.24]
2019-09-17 16:43:59.299 [main] INFO  o.a.c.core.ContainerBase.[Tomcat].[localhost].[/] - Initializing Spring embedded WebApplicationContext
2019-09-17 16:43:59.299 [main] INFO  org.springframework.web.context.ContextLoader - Root WebApplicationContext: initialization completed in 1861 ms
2019-09-17 16:43:59.387 [main] WARN  com.netflix.config.sources.URLConfigurationSource - No URLs will be polled as dynamic configuration sources.
2019-09-17 16:43:59.387 [main] INFO  com.netflix.config.sources.URLConfigurationSource - To enable URLs as dynamic configuration sources, define System property archaius.configurationSource.additionalUrls or make config.properties available on classpath.
2019-09-17 16:43:59.400 [main] INFO  com.netflix.config.DynamicPropertyFactory - DynamicPropertyFactory is initialized with configuration sources: com.netflix.config.ConcurrentCompositeConfiguration@7d44a19
2019-09-17 16:43:59.805 [main] WARN  com.netflix.config.sources.URLConfigurationSource - No URLs will be polled as dynamic configuration sources.
2019-09-17 16:43:59.806 [main] INFO  com.netflix.config.sources.URLConfigurationSource - To enable URLs as dynamic configuration sources, define System property archaius.configurationSource.additionalUrls or make config.properties available on classpath.
2019-09-17 16:43:59.950 [main] INFO  o.s.scheduling.concurrent.ThreadPoolTaskExecutor - Initializing ExecutorService 'applicationTaskExecutor'
2019-09-17 16:44:00.452 [main] INFO  o.s.b.actuate.endpoint.web.EndpointLinksResolver - Exposing 2 endpoint(s) beneath base path '/actuator'
2019-09-17 16:44:00.514 [main] INFO  o.s.cloud.netflix.eureka.InstanceInfoFactory - Setting initial instance status as: STARTING
2019-09-17 16:44:00.544 [main] INFO  com.netflix.discovery.DiscoveryClient - Initializing Eureka in region us-east-1
2019-09-17 16:44:00.545 [main] INFO  com.netflix.discovery.DiscoveryClient - Client configured to neither register nor query for data.
2019-09-17 16:44:00.553 [main] INFO  com.netflix.discovery.DiscoveryClient - Discovery Client initialized at timestamp 1568709840551 with initial instances count: 0
2019-09-17 16:44:00.557 [main] INFO  o.s.c.n.e.serviceregistry.EurekaServiceRegistry - Registering application EUREKA-SERVER with eureka with status UP
2019-09-17 16:44:00.567 [main] INFO  org.apache.coyote.http11.Http11NioProtocol - Starting ProtocolHandler ["http-nio-8001"]
2019-09-17 16:44:00.586 [main] INFO  o.s.boot.web.embedded.tomcat.TomcatWebServer - Tomcat started on port(s): 8001 (http) with context path ''
2019-09-17 16:44:00.587 [main] INFO  o.s.c.n.e.s.EurekaAutoServiceRegistration - Updating port to 8001
2019-09-17 16:44:00.663 [main] INFO  com.eurekaserver.EurekaserverApplication - Started EurekaserverApplication in 4.15 seconds (JVM running for 4.938)
2019-09-17 17:04:30.792 [main] INFO  o.s.c.s.PostProcessorRegistrationDelegate$BeanPostProcessorChecker - Bean 'org.springframework.cloud.autoconfigure.ConfigurationPropertiesRebinderAutoConfiguration' of type [org.springframework.cloud.autoconfigure.ConfigurationPropertiesRebinderAutoConfiguration$$EnhancerBySpringCGLIB$$5b3d86f8] is not eligible for getting processed by all BeanPostProcessors (for example: not eligible for auto-proxying)
2019-09-17 17:20:25.808 [main] INFO  o.s.c.s.PostProcessorRegistrationDelegate$BeanPostProcessorChecker - Bean 'org.springframework.cloud.autoconfigure.ConfigurationPropertiesRebinderAutoConfiguration' of type [org.springframework.cloud.autoconfigure.ConfigurationPropertiesRebinderAutoConfiguration$$EnhancerBySpringCGLIB$$859e9b21] is not eligible for getting processed by all BeanPostProcessors (for example: not eligible for auto-proxying)
2019-09-17 17:20:26.095 [main] INFO  com.eurekaserver.EurekaserverApplication - No active profile set, falling back to default profiles: default
2019-09-17 17:20:27.111 [main] WARN  o.springframework.boot.actuate.endpoint.EndpointId - Endpoint ID 'service-registry' contains invalid characters, please migrate to a valid format.
2019-09-17 17:20:27.276 [main] INFO  o.springframework.cloud.context.scope.GenericScope - BeanFactory id=2efb2171-1e02-3b33-9663-58f20d4c26e1
2019-09-17 17:20:27.352 [main] INFO  o.s.c.s.PostProcessorRegistrationDelegate$BeanPostProcessorChecker - Bean 'org.springframework.cloud.autoconfigure.ConfigurationPropertiesRebinderAutoConfiguration' of type [org.springframework.cloud.autoconfigure.ConfigurationPropertiesRebinderAutoConfiguration$$EnhancerBySpringCGLIB$$859e9b21] is not eligible for getting processed by all BeanPostProcessors (for example: not eligible for auto-proxying)
2019-09-17 17:20:27.686 [main] INFO  o.s.boot.web.embedded.tomcat.TomcatWebServer - Tomcat initialized with port(s): 8001 (http)
2019-09-17 17:20:27.700 [main] INFO  org.apache.coyote.http11.Http11NioProtocol - Initializing ProtocolHandler ["http-nio-8001"]
2019-09-17 17:20:27.708 [main] INFO  org.apache.catalina.core.StandardService - Starting service [Tomcat]
2019-09-17 17:20:27.708 [main] INFO  org.apache.catalina.core.StandardEngine - Starting Servlet engine: [Apache Tomcat/9.0.24]
2019-09-17 17:20:27.898 [main] INFO  o.a.c.core.ContainerBase.[Tomcat].[localhost].[/] - Initializing Spring embedded WebApplicationContext
2019-09-17 17:20:27.898 [main] INFO  org.springframework.web.context.ContextLoader - Root WebApplicationContext: initialization completed in 1793 ms
2019-09-17 17:20:27.990 [main] WARN  com.netflix.config.sources.URLConfigurationSource - No URLs will be polled as dynamic configuration sources.
2019-09-17 17:20:27.991 [main] INFO  com.netflix.config.sources.URLConfigurationSource - To enable URLs as dynamic configuration sources, define System property archaius.configurationSource.additionalUrls or make config.properties available on classpath.
2019-09-17 17:20:28.008 [main] INFO  com.netflix.config.DynamicPropertyFactory - DynamicPropertyFactory is initialized with configuration sources: com.netflix.config.ConcurrentCompositeConfiguration@434514d8
2019-09-17 17:20:28.506 [main] WARN  com.netflix.config.sources.URLConfigurationSource - No URLs will be polled as dynamic configuration sources.
2019-09-17 17:20:28.506 [main] INFO  com.netflix.config.sources.URLConfigurationSource - To enable URLs as dynamic configuration sources, define System property archaius.configurationSource.additionalUrls or make config.properties available on classpath.
2019-09-17 17:20:28.644 [main] INFO  o.s.scheduling.concurrent.ThreadPoolTaskExecutor - Initializing ExecutorService 'applicationTaskExecutor'
2019-09-17 17:20:29.144 [main] INFO  o.s.b.actuate.endpoint.web.EndpointLinksResolver - Exposing 2 endpoint(s) beneath base path '/actuator'
2019-09-17 17:20:29.212 [main] INFO  o.s.cloud.netflix.eureka.InstanceInfoFactory - Setting initial instance status as: STARTING
2019-09-17 17:20:29.244 [main] INFO  com.netflix.discovery.DiscoveryClient - Initializing Eureka in region us-east-1
2019-09-17 17:20:29.245 [main] INFO  com.netflix.discovery.DiscoveryClient - Client configured to neither register nor query for data.
2019-09-17 17:20:29.254 [main] INFO  com.netflix.discovery.DiscoveryClient - Discovery Client initialized at timestamp 1568712029253 with initial instances count: 0
2019-09-17 17:20:29.257 [main] INFO  o.s.c.n.e.serviceregistry.EurekaServiceRegistry - Registering application EUREKA-SERVER with eureka with status UP
2019-09-17 17:20:29.269 [main] INFO  org.apache.coyote.http11.Http11NioProtocol - Starting ProtocolHandler ["http-nio-8001"]
2019-09-17 17:20:29.290 [main] INFO  o.s.boot.web.embedded.tomcat.TomcatWebServer - Tomcat started on port(s): 8001 (http) with context path ''
2019-09-17 17:20:29.291 [main] INFO  o.s.c.n.e.s.EurekaAutoServiceRegistration - Updating port to 8001
2019-09-17 17:20:29.368 [main] INFO  com.eurekaserver.EurekaserverApplication - Started EurekaserverApplication in 4.398 seconds (JVM running for 5.166)
2019-09-17 17:20:51.946 [http-nio-8001-exec-1] INFO  o.a.c.core.ContainerBase.[Tomcat].[localhost].[/] - Initializing Spring DispatcherServlet 'dispatcherServlet'
2019-09-17 17:20:51.946 [http-nio-8001-exec-1] INFO  org.springframework.web.servlet.DispatcherServlet - Initializing Servlet 'dispatcherServlet'
2019-09-17 17:20:51.952 [http-nio-8001-exec-1] INFO  org.springframework.web.servlet.DispatcherServlet - Completed initialization in 6 ms
2019-09-17 17:21:17.948 [main] INFO  o.s.c.s.PostProcessorRegistrationDelegate$BeanPostProcessorChecker - Bean 'org.springframework.cloud.autoconfigure.ConfigurationPropertiesRebinderAutoConfiguration' of type [org.springframework.cloud.autoconfigure.ConfigurationPropertiesRebinderAutoConfiguration$$EnhancerBySpringCGLIB$$e24e99cd] is not eligible for getting processed by all BeanPostProcessors (for example: not eligible for auto-proxying)
2019-09-17 17:21:18.170 [main] INFO  com.eurekaserver.EurekaserverApplication - No active profile set, falling back to default profiles: default
2019-09-17 17:21:18.705 [main] WARN  o.springframework.boot.actuate.endpoint.EndpointId - Endpoint ID 'service-registry' contains invalid characters, please migrate to a valid format.
2019-09-17 17:21:18.849 [main] INFO  o.springframework.cloud.context.scope.GenericScope - BeanFactory id=2efb2171-1e02-3b33-9663-58f20d4c26e1
2019-09-17 17:21:18.920 [main] INFO  o.s.c.s.PostProcessorRegistrationDelegate$BeanPostProcessorChecker - Bean 'org.springframework.cloud.autoconfigure.ConfigurationPropertiesRebinderAutoConfiguration' of type [org.springframework.cloud.autoconfigure.ConfigurationPropertiesRebinderAutoConfiguration$$EnhancerBySpringCGLIB$$e24e99cd] is not eligible for getting processed by all BeanPostProcessors (for example: not eligible for auto-proxying)
2019-09-17 17:21:19.249 [main] INFO  o.s.boot.web.embedded.tomcat.TomcatWebServer - Tomcat initialized with port(s): 8001 (http)
2019-09-17 17:21:19.262 [main] INFO  org.apache.coyote.http11.Http11NioProtocol - Initializing ProtocolHandler ["http-nio-8001"]
2019-09-17 17:21:19.270 [main] INFO  org.apache.catalina.core.StandardService - Starting service [Tomcat]
2019-09-17 17:21:19.270 [main] INFO  org.apache.catalina.core.StandardEngine - Starting Servlet engine: [Apache Tomcat/9.0.24]
2019-09-17 17:21:19.467 [main] INFO  o.a.c.core.ContainerBase.[Tomcat].[localhost].[/] - Initializing Spring embedded WebApplicationContext
2019-09-17 17:21:19.467 [main] INFO  org.springframework.web.context.ContextLoader - Root WebApplicationContext: initialization completed in 1285 ms
2019-09-17 17:21:19.550 [main] WARN  com.netflix.config.sources.URLConfigurationSource - No URLs will be polled as dynamic configuration sources.
2019-09-17 17:21:19.550 [main] INFO  com.netflix.config.sources.URLConfigurationSource - To enable URLs as dynamic configuration sources, define System property archaius.configurationSource.additionalUrls or make config.properties available on classpath.
2019-09-17 17:21:19.563 [main] INFO  com.netflix.config.DynamicPropertyFactory - DynamicPropertyFactory is initialized with configuration sources: com.netflix.config.ConcurrentCompositeConfiguration@5634d0f4
2019-09-17 17:21:19.997 [main] WARN  com.netflix.config.sources.URLConfigurationSource - No URLs will be polled as dynamic configuration sources.
2019-09-17 17:21:19.997 [main] INFO  com.netflix.config.sources.URLConfigurationSource - To enable URLs as dynamic configuration sources, define System property archaius.configurationSource.additionalUrls or make config.properties available on classpath.
2019-09-17 17:21:20.186 [main] INFO  o.s.scheduling.concurrent.ThreadPoolTaskExecutor - Initializing ExecutorService 'applicationTaskExecutor'
2019-09-17 17:21:20.907 [main] INFO  o.s.b.actuate.endpoint.web.EndpointLinksResolver - Exposing 2 endpoint(s) beneath base path '/actuator'
2019-09-17 17:21:20.972 [main] INFO  o.s.cloud.netflix.eureka.InstanceInfoFactory - Setting initial instance status as: STARTING
2019-09-17 17:21:21.009 [main] INFO  com.netflix.discovery.DiscoveryClient - Initializing Eureka in region us-east-1
2019-09-17 17:21:21.010 [main] INFO  com.netflix.discovery.DiscoveryClient - Client configured to neither register nor query for data.
2019-09-17 17:21:21.019 [main] INFO  com.netflix.discovery.DiscoveryClient - Discovery Client initialized at timestamp 1568712081018 with initial instances count: 0
2019-09-17 17:21:21.022 [main] INFO  o.s.c.n.e.serviceregistry.EurekaServiceRegistry - Registering application EUREKA-SERVER with eureka with status UP
2019-09-17 17:21:21.032 [main] INFO  org.apache.coyote.http11.Http11NioProtocol - Starting ProtocolHandler ["http-nio-8001"]
2019-09-17 17:21:21.052 [main] INFO  o.s.boot.web.embedded.tomcat.TomcatWebServer - Tomcat started on port(s): 8001 (http) with context path ''
2019-09-17 17:21:21.052 [main] INFO  o.s.c.n.e.s.EurekaAutoServiceRegistration - Updating port to 8001
2019-09-17 17:21:21.131 [main] INFO  com.eurekaserver.EurekaserverApplication - Started EurekaserverApplication in 3.994 seconds (JVM running for 4.733)
2019-09-17 17:21:34.466 [main] INFO  o.s.c.s.PostProcessorRegistrationDelegate$BeanPostProcessorChecker - Bean 'org.springframework.cloud.autoconfigure.ConfigurationPropertiesRebinderAutoConfiguration' of type [org.springframework.cloud.autoconfigure.ConfigurationPropertiesRebinderAutoConfiguration$$EnhancerBySpringCGLIB$$452e8810] is not eligible for getting processed by all BeanPostProcessors (for example: not eligible for auto-proxying)
2019-09-17 17:21:34.707 [main] INFO  com.eurekaserver.EurekaserverApplication - No active profile set, falling back to default profiles: default
2019-09-17 17:21:35.317 [main] WARN  o.springframework.boot.actuate.endpoint.EndpointId - Endpoint ID 'service-registry' contains invalid characters, please migrate to a valid format.
2019-09-17 17:21:35.525 [main] INFO  o.springframework.cloud.context.scope.GenericScope - BeanFactory id=fac3350e-97fc-35b5-8a45-471bb663da09
2019-09-17 17:21:35.603 [main] INFO  o.s.c.s.PostProcessorRegistrationDelegate$BeanPostProcessorChecker - Bean 'org.springframework.cloud.autoconfigure.ConfigurationPropertiesRebinderAutoConfiguration' of type [org.springframework.cloud.autoconfigure.ConfigurationPropertiesRebinderAutoConfiguration$$EnhancerBySpringCGLIB$$452e8810] is not eligible for getting processed by all BeanPostProcessors (for example: not eligible for auto-proxying)
2019-09-17 17:21:35.937 [main] INFO  o.s.boot.web.embedded.tomcat.TomcatWebServer - Tomcat initialized with port(s): 8001 (http)
2019-09-17 17:21:35.952 [main] INFO  org.apache.coyote.http11.Http11NioProtocol - Initializing ProtocolHandler ["http-nio-8001"]
2019-09-17 17:21:35.960 [main] INFO  org.apache.catalina.core.StandardService - Starting service [Tomcat]
2019-09-17 17:21:35.960 [main] INFO  org.apache.catalina.core.StandardEngine - Starting Servlet engine: [Apache Tomcat/9.0.24]
2019-09-17 17:21:36.160 [main] INFO  o.a.c.core.ContainerBase.[Tomcat].[localhost].[/] - Initializing Spring embedded WebApplicationContext
2019-09-17 17:21:36.160 [main] INFO  org.springframework.web.context.ContextLoader - Root WebApplicationContext: initialization completed in 1441 ms
2019-09-17 17:21:36.262 [main] WARN  com.netflix.config.sources.URLConfigurationSource - No URLs will be polled as dynamic configuration sources.
2019-09-17 17:21:36.263 [main] INFO  com.netflix.config.sources.URLConfigurationSource - To enable URLs as dynamic configuration sources, define System property archaius.configurationSource.additionalUrls or make config.properties available on classpath.
2019-09-17 17:21:36.276 [main] INFO  com.netflix.config.DynamicPropertyFactory - DynamicPropertyFactory is initialized with configuration sources: com.netflix.config.ConcurrentCompositeConfiguration@2da3b078
2019-09-17 17:21:36.996 [main] INFO  c.s.j.server.impl.application.WebApplicationImpl - Initiating Jersey application, version 'Jersey: 1.19.1 03/11/2016 02:08 PM'
2019-09-17 17:21:37.048 [main] INFO  c.n.discovery.provider.DiscoveryJerseyProvider - Using JSON encoding codec LegacyJacksonJson
2019-09-17 17:21:37.049 [main] INFO  c.n.discovery.provider.DiscoveryJerseyProvider - Using JSON decoding codec LegacyJacksonJson
2019-09-17 17:21:37.195 [main] INFO  c.n.discovery.provider.DiscoveryJerseyProvider - Using XML encoding codec XStreamXml
2019-09-17 17:21:37.195 [main] INFO  c.n.discovery.provider.DiscoveryJerseyProvider - Using XML decoding codec XStreamXml
2019-09-17 17:21:37.533 [main] WARN  com.netflix.config.sources.URLConfigurationSource - No URLs will be polled as dynamic configuration sources.
2019-09-17 17:21:37.533 [main] INFO  com.netflix.config.sources.URLConfigurationSource - To enable URLs as dynamic configuration sources, define System property archaius.configurationSource.additionalUrls or make config.properties available on classpath.
2019-09-17 17:21:37.807 [main] INFO  o.s.scheduling.concurrent.ThreadPoolTaskExecutor - Initializing ExecutorService 'applicationTaskExecutor'
2019-09-17 17:21:38.321 [main] INFO  o.s.cloud.netflix.eureka.InstanceInfoFactory - Setting initial instance status as: STARTING
2019-09-17 17:21:38.348 [main] INFO  com.netflix.discovery.DiscoveryClient - Initializing Eureka in region us-east-1
2019-09-17 17:21:38.349 [main] INFO  com.netflix.discovery.DiscoveryClient - Client configured to neither register nor query for data.
2019-09-17 17:21:38.357 [main] INFO  com.netflix.discovery.DiscoveryClient - Discovery Client initialized at timestamp 1568712098356 with initial instances count: 0
2019-09-17 17:21:38.401 [main] INFO  com.netflix.eureka.DefaultEurekaServerContext - Initializing ...
2019-09-17 17:21:38.403 [main] INFO  com.netflix.eureka.cluster.PeerEurekaNodes - Adding new peer nodes [http://eureka-server:8001/eureka/]
2019-09-17 17:21:38.604 [main] INFO  c.n.discovery.provider.DiscoveryJerseyProvider - Using JSON encoding codec LegacyJacksonJson
2019-09-17 17:21:38.604 [main] INFO  c.n.discovery.provider.DiscoveryJerseyProvider - Using JSON decoding codec LegacyJacksonJson
2019-09-17 17:21:38.605 [main] INFO  c.n.discovery.provider.DiscoveryJerseyProvider - Using XML encoding codec XStreamXml
2019-09-17 17:21:38.605 [main] INFO  c.n.discovery.provider.DiscoveryJerseyProvider - Using XML decoding codec XStreamXml
2019-09-17 17:21:38.707 [main] INFO  com.netflix.eureka.cluster.PeerEurekaNodes - Replica node URL:  http://eureka-server:8001/eureka/
2019-09-17 17:21:38.714 [main] INFO  c.netflix.eureka.registry.AbstractInstanceRegistry - Finished initializing remote region registries. All known remote regions: []
2019-09-17 17:21:38.714 [main] INFO  com.netflix.eureka.DefaultEurekaServerContext - Initialized
2019-09-17 17:21:38.724 [main] INFO  o.s.b.actuate.endpoint.web.EndpointLinksResolver - Exposing 2 endpoint(s) beneath base path '/actuator'
2019-09-17 17:21:38.778 [main] INFO  o.s.c.n.e.serviceregistry.EurekaServiceRegistry - Registering application EUREKA-SERVER with eureka with status UP
2019-09-17 17:21:38.781 [Thread-11] INFO  o.s.c.netflix.eureka.server.EurekaServerBootstrap - Setting the eureka configuration..
2019-09-17 17:21:38.781 [Thread-11] INFO  o.s.c.netflix.eureka.server.EurekaServerBootstrap - Eureka data center value eureka.datacenter is not set, defaulting to default
2019-09-17 17:21:38.782 [Thread-11] INFO  o.s.c.netflix.eureka.server.EurekaServerBootstrap - Eureka environment value eureka.environment is not set, defaulting to test
2019-09-17 17:21:38.791 [main] INFO  org.apache.coyote.http11.Http11NioProtocol - Starting ProtocolHandler ["http-nio-8001"]
2019-09-17 17:21:38.792 [Thread-11] INFO  o.s.c.netflix.eureka.server.EurekaServerBootstrap - isAws returned false
2019-09-17 17:21:38.792 [Thread-11] INFO  o.s.c.netflix.eureka.server.EurekaServerBootstrap - Initialized server context
2019-09-17 17:21:38.792 [Thread-11] INFO  c.n.eureka.registry.PeerAwareInstanceRegistryImpl - Got 1 instances from neighboring DS node
2019-09-17 17:21:38.792 [Thread-11] INFO  c.n.eureka.registry.PeerAwareInstanceRegistryImpl - Renew threshold is: 1
2019-09-17 17:21:38.793 [Thread-11] INFO  c.n.eureka.registry.PeerAwareInstanceRegistryImpl - Changing status to UP
2019-09-17 17:21:38.800 [Thread-11] INFO  o.s.c.n.e.s.EurekaServerInitializerConfiguration - Started Eureka Server
2019-09-17 17:21:38.814 [main] INFO  o.s.boot.web.embedded.tomcat.TomcatWebServer - Tomcat started on port(s): 8001 (http) with context path ''
2019-09-17 17:21:38.815 [main] INFO  o.s.c.n.e.s.EurekaAutoServiceRegistration - Updating port to 8001
2019-09-17 17:21:38.899 [main] INFO  com.eurekaserver.EurekaserverApplication - Started EurekaserverApplication in 5.267 seconds (JVM running for 6.034)
2019-09-17 17:21:44.581 [http-nio-8001-exec-2] INFO  o.a.c.core.ContainerBase.[Tomcat].[localhost].[/] - Initializing Spring DispatcherServlet 'dispatcherServlet'
2019-09-17 17:21:44.581 [http-nio-8001-exec-2] INFO  org.springframework.web.servlet.DispatcherServlet - Initializing Servlet 'dispatcherServlet'
2019-09-17 17:21:44.587 [http-nio-8001-exec-2] INFO  org.springframework.web.servlet.DispatcherServlet - Completed initialization in 6 ms
2019-09-17 17:22:38.793 [Eureka-EvictionTimer] INFO  c.netflix.eureka.registry.AbstractInstanceRegistry - Running the evict task with compensationTime 0ms
2019-09-17 17:23:38.793 [Eureka-EvictionTimer] INFO  c.netflix.eureka.registry.AbstractInstanceRegistry - Running the evict task with compensationTime 0ms
2019-09-17 17:24:38.794 [Eureka-EvictionTimer] INFO  c.netflix.eureka.registry.AbstractInstanceRegistry - Running the evict task with compensationTime 0ms
2019-09-17 17:25:38.794 [Eureka-EvictionTimer] INFO  c.netflix.eureka.registry.AbstractInstanceRegistry - Running the evict task with compensationTime 0ms
2019-09-17 17:26:38.794 [Eureka-EvictionTimer] INFO  c.netflix.eureka.registry.AbstractInstanceRegistry - Running the evict task with compensationTime 0ms
2019-09-17 17:27:38.795 [Eureka-EvictionTimer] INFO  c.netflix.eureka.registry.AbstractInstanceRegistry - Running the evict task with compensationTime 0ms
2019-09-17 17:28:38.795 [Eureka-EvictionTimer] INFO  c.netflix.eureka.registry.AbstractInstanceRegistry - Running the evict task with compensationTime 0ms
2019-09-17 17:29:38.796 [Eureka-EvictionTimer] INFO  c.netflix.eureka.registry.AbstractInstanceRegistry - Running the evict task with compensationTime 0ms
2019-09-17 17:30:38.796 [Eureka-EvictionTimer] INFO  c.netflix.eureka.registry.AbstractInstanceRegistry - Running the evict task with compensationTime 0ms
2019-09-17 17:31:38.796 [Eureka-EvictionTimer] INFO  c.netflix.eureka.registry.AbstractInstanceRegistry - Running the evict task with compensationTime 0ms
2019-09-17 17:32:38.796 [Eureka-EvictionTimer] INFO  c.netflix.eureka.registry.AbstractInstanceRegistry - Running the evict task with compensationTime 0ms
2019-09-17 17:33:28.908 [http-nio-8001-exec-8] INFO  c.netflix.eureka.registry.AbstractInstanceRegistry - Registered instance CLOUDTEMPLATE-SERVER/DESKTOP-J9068CD:cloudtemplate-server:8002 with status UP (replication=false)
2019-09-17 17:33:29.502 [http-nio-8001-exec-9] INFO  c.netflix.eureka.registry.AbstractInstanceRegistry - Registered instance CLOUDTEMPLATE-SERVER/DESKTOP-J9068CD:cloudtemplate-server:8002 with status UP (replication=true)
2019-09-17 17:33:38.796 [Eureka-EvictionTimer] INFO  c.netflix.eureka.registry.AbstractInstanceRegistry - Running the evict task with compensationTime 0ms
2019-09-17 17:34:38.796 [Eureka-EvictionTimer] INFO  c.netflix.eureka.registry.AbstractInstanceRegistry - Running the evict task with compensationTime 0ms
2019-09-17 17:35:38.796 [Eureka-EvictionTimer] INFO  c.netflix.eureka.registry.AbstractInstanceRegistry - Running the evict task with compensationTime 0ms
2019-09-17 17:36:38.716 [ReplicaAwareInstanceRegistry - RenewalThresholdUpdater] INFO  c.n.eureka.registry.PeerAwareInstanceRegistryImpl - Current renewal threshold is : 3
2019-09-17 17:36:38.796 [Eureka-EvictionTimer] INFO  c.netflix.eureka.registry.AbstractInstanceRegistry - Running the evict task with compensationTime 0ms
2019-09-17 17:37:38.796 [Eureka-EvictionTimer] INFO  c.netflix.eureka.registry.AbstractInstanceRegistry - Running the evict task with compensationTime 0ms
2019-09-17 17:38:38.797 [Eureka-EvictionTimer] INFO  c.netflix.eureka.registry.AbstractInstanceRegistry - Running the evict task with compensationTime 0ms
2019-09-17 17:39:38.798 [Eureka-EvictionTimer] INFO  c.netflix.eureka.registry.AbstractInstanceRegistry - Running the evict task with compensationTime 0ms
2019-09-17 17:40:38.798 [Eureka-EvictionTimer] INFO  c.netflix.eureka.registry.AbstractInstanceRegistry - Running the evict task with compensationTime 0ms
2019-09-17 17:41:38.798 [Eureka-EvictionTimer] INFO  c.netflix.eureka.registry.AbstractInstanceRegistry - Running the evict task with compensationTime 0ms
2019-09-17 17:42:38.799 [Eureka-EvictionTimer] INFO  c.netflix.eureka.registry.AbstractInstanceRegistry - Running the evict task with compensationTime 0ms
